[ 2018-02-20 04:39:17 ] INFO examples/wine/wine.data 
 [ 2018-02-20 04:39:17 ] INFO V1 
 [ 2018-02-20 04:39:17 ] INFO list('V1') 
 [ 2018-02-20 04:39:17 ] INFO omit 
 [ 2018-02-20 04:39:17 ] INFO FALSE 
 [ 2018-02-20 04:39:17 ] INFO 2 
 [ 2018-02-20 04:39:17 ] INFO list('mRMR') 
 [ 2018-02-20 04:39:17 ] INFO list('rf','RRF','kknn') 
 [ 2018-02-20 04:39:17 ] INFO roc 
 [ 2018-02-20 04:39:17 ] INFO cv 
 [ 2018-02-20 04:39:17 ] INFO 10 
 [ 2018-02-20 04:39:17 ] INFO 1 
 [ 2018-02-20 04:39:17 ] INFO examples/wine/wine 20180220_04:39:17 
 [ 2018-02-20 04:39:17 ] INFO INFO 
 [ 2018-02-20 04:39:17 ] INFO ./ 
 [ 2018-02-20 04:39:17 ] INFO FALSE 
[ 2018-02-20 04:39:17 ] INFO Current Combination is : ( RRF mRMR ) 
[ 2018-02-20 04:39:17 ] INFO Training model with RRF and 5 features. 
[ 2018-02-20 04:39:23 ] INFO Training model with RRF and 10 features. 
[ 2018-02-20 04:39:31 ] INFO Current Combination is : ( rf mRMR ) 
[ 2018-02-20 04:39:31 ] INFO Training model with rf and 5 features. 
[ 2018-02-20 04:39:32 ] INFO Training model with rf and 10 features. 
[ 2018-02-20 04:39:34 ] INFO Current Combination is : ( kknn mRMR ) 
[ 2018-02-20 04:39:34 ] INFO Training model with kknn and 5 features. 
[ 2018-02-20 04:39:36 ] INFO Training model with kknn and 10 features. 
